2020-06-19 18:46:56 hello
2020-06-19 18:47:31 hello
2020-06-19 18:48:04 建群#room1.0
2020-06-19 18:48:18 #room1
2020-06-19 18:55:32 hello hi
2020-06-19 21:09:15 group_setup#room1.0
2020-06-19 21:09:43 group_info#room1
2020-06-19 21:09:50 group_info#room1.0
2020-06-19 21:17:50 group_info#all
2020-06-19 21:18:59 group_join#room1.0
2020-06-19 21:19:11 yes
2020-06-19 21:20:43 group_joinreply#
2020-06-19 21:24:20 exit
2020-06-19 21:26:34 hello
2020-06-19 21:26:49 all#hi
2020-06-19 21:27:00 all#nice
2020-06-19 21:27:18 logout
2020-06-19 21:29:33 log@all
2020-06-19 21:39:04 group_info#room1.0
2020-06-19 21:39:52 group_setup#room1
2020-06-19 21:41:11 group_info#room1
2020-06-19 21:42:09 group_join#room1
2020-06-19 21:42:39 hello
2020-06-19 21:42:45 all#hello
2020-06-19 21:47:02 group_joinreply#yes@无名氏@room1
2020-06-19 21:47:22 all#hi
2020-06-21 18:15:33 all#wsb
2020-06-21 18:15:43 exit
2020-06-21 18:16:12 hello
2020-06-21 18:16:17 all#hi
2020-06-21 18:16:34 all
2020-06-21 18:16:38 all#hilloe
2020-06-21 18:16:43 hi
